[14/01/2015 10:21:24] /i blue bag
[14/01/2015 10:21:36] /i energy ring
[14/01/2015 10:21:57] /i energy ring
[14/01/2015 10:21:58] /i energy ring
[14/01/2015 10:21:59] /i energy ring
[14/01/2015 10:21:59] /i energy ring
[14/01/2015 10:22:00] /i energy ring
[14/01/2015 10:22:00] /i energy ring
[14/01/2015 10:22:01] /i energy ring
[14/01/2015 10:22:02] /i energy ring
[14/01/2015 10:23:20] /i pirate bagf
[14/01/2015 10:23:22] /i pirate bag
[14/01/2015 10:23:30] /i pirate backpack
[14/01/2015 10:23:53] /i stealth ring
[14/01/2015 10:23:58] /i stealth ring
[14/01/2015 10:24:00] /i stealth ring
[14/01/2015 10:24:32] /i ring of healing
[14/01/2015 10:24:34] /i ring of healing
[14/01/2015 10:25:04] /i dwarven ring
[14/01/2015 10:39:42] /reload talkactions
[14/01/2015 10:40:14] /reload talkactions
[14/01/2015 10:40:18] /newtype
[17/01/2015 11:50:19] /i wild growth rune
