[17/01/2015 14:16:23] /a 5
[17/01/2015 14:16:24] /a 5
[17/01/2015 14:16:25] /a 5
[17/01/2015 14:17:30] /i thunder hammer
[17/01/2015 14:17:50] /i backpack of holding
[17/01/2015 14:23:06] /i magic wall rune
[17/01/2015 14:23:15] /i wild growth rune
[17/01/2015 14:23:43] /i sudden death rune
[17/01/2015 14:26:31] /m demon
[17/01/2015 14:26:44] /m ferumbras
[17/01/2015 14:30:34] /i demon armor
[17/01/2015 14:30:50] /i dragon scale legs
[17/01/2015 14:30:59] /i golden boots
[17/01/2015 14:36:27] /t yamahation
[17/01/2015 14:36:53] /a 5
[17/01/2015 14:37:48] /up
[17/01/2015 14:37:50] /up
[17/01/2015 14:37:51] /up
[17/01/2015 14:37:58] /down
[17/01/2015 14:38:02] /down
[17/01/2015 14:38:05] /down
[17/01/2015 14:38:08] /down
[17/01/2015 14:38:30] /up
[17/01/2015 14:39:06] /down
[17/01/2015 14:41:05] /down
[17/01/2015 14:41:08] /down
[17/01/2015 14:41:09] /down
[17/01/2015 14:43:57] /down
[17/01/2015 14:44:01] /a 5
[17/01/2015 14:48:38] /down
[18/01/2015 12:51:48] /m demon
[18/01/2015 12:52:16] /i demon backpack
[18/01/2015 22:42:20] /raid orc
[18/01/2015 22:43:33] /m ferumbras
[18/01/2015 22:43:58] /i magic wall rune
[18/01/2015 22:45:25] /i wild growth rune
[18/01/2015 22:50:19] /up 1
[18/01/2015 22:50:21] /up 1
[18/01/2015 22:51:21] /t sorcerer 01
[18/01/2015 22:51:23] /t sorcerer 01
[18/01/2015 22:53:29] /c sorcerer 01
[18/01/2015 22:54:18] /down 1
[18/01/2015 22:54:21] /c sorcerer 01
[18/01/2015 22:54:49] /down 1
[18/01/2015 22:54:51] /a 5
[18/01/2015 22:54:53] /c sorcerer 01
[18/01/2015 22:54:56] /c sorcerer 01
[18/01/2015 22:56:00] /up 1
[18/01/2015 22:56:02] /up 1
[18/01/2015 22:56:04] /a 5
[18/01/2015 22:56:12] /c sorcerer 01
[18/01/2015 22:56:28] /c sorcerer 01
[18/01/2015 22:56:46] /c sorcerer 01
[18/01/2015 22:57:14] /c sorcerer 01
[18/01/2015 23:00:07] /t
[18/01/2015 23:02:07] /m jaugernaut
[18/01/2015 23:02:12] /m jauggernaut
[18/01/2015 23:02:26] /m juggernaut
[18/01/2015 23:04:44] /i sprite wand
[18/01/2015 23:04:49] /i avenger
[18/01/2015 23:04:59] /i avenger
[18/01/2015 23:05:08] /i avenger
[18/01/2015 23:05:23] /i warlord sword
[18/01/2015 23:05:48] /m ghazbaran
[18/01/2015 23:06:26] /i sudden death rune
[18/01/2015 23:06:33] /kick ghazbaran
[18/01/2015 23:07:58] /m orshabaal
[18/01/2015 23:26:12] /m demon
[18/01/2015 23:26:34] /m orshabaal
[18/01/2015 23:27:59] /m beastia
[18/01/2015 23:28:14] /r
[18/01/2015 23:28:24] /m hydra
[18/01/2015 23:28:27] /m hydra
[18/01/2015 23:28:40] /m dog
[18/01/2015 23:28:42] /m cat
[18/01/2015 23:28:46] /m cat
[18/01/2015 23:28:54] /m beastia
[18/01/2015 23:29:41] /r
[18/01/2015 23:29:49] /m hellhound
[18/01/2015 23:31:09] /m dark torturer
[18/01/2015 23:31:35] /m mr punish
[18/01/2015 23:31:36] /m mr punisher
[18/01/2015 23:31:38] /m mr punisher
[18/01/2015 23:31:42] /m mr punish
[18/01/2015 23:31:44] /m mr. punish
[18/01/2015 23:34:02] /i sprite wand
[18/01/2015 23:35:37] /m hellfire fighter
[18/01/2015 23:36:07] /m dracola
[18/01/2015 23:36:28] /i sprite wand
[18/01/2015 23:36:33] /i red robe
[18/01/2015 23:36:42] /i soft boots
[19/01/2015 22:47:31] /a 5
[19/01/2015 22:47:33] /up 1
[19/01/2015 22:47:47] /down 5
[19/01/2015 22:47:51] /a 6
[19/01/2015 22:47:53] /up 1
[19/01/2015 22:52:13] /down 1
[19/01/2015 22:53:13] /a 5
[19/01/2015 22:53:23] /a 2
[19/01/2015 22:53:28] /a 2
[19/01/2015 22:56:24] /up 1
[19/01/2015 22:58:49] /up 1
[19/01/2015 22:59:22] /t
[19/01/2015 22:59:28] /a 5
[19/01/2015 23:00:44] /a 2
[19/01/2015 23:00:48] /a 2
[19/01/2015 23:00:49] /a 2
[19/01/2015 23:00:51] /a 2
[19/01/2015 23:02:16] /up 1
[19/01/2015 23:05:15] /t sorcerer 01
[19/01/2015 23:06:34] /goto sorcerer 01
[19/01/2015 23:06:47] /a 5
[19/01/2015 23:06:52] /a 5
[19/01/2015 23:06:54] /a 5
[19/01/2015 23:06:58] /goto sorcerer 01
[19/01/2015 23:07:00] /goto sorcerer 01
[19/01/2015 23:07:01] /goto sorcerer 01
[19/01/2015 23:07:02] /goto sorcerer 01
[19/01/2015 23:07:03] /goto sorcerer 01
[19/01/2015 23:07:03] /goto sorcerer 01
[19/01/2015 23:07:03] /goto sorcerer 01
[19/01/2015 23:07:04] /goto sorcerer 01
[19/01/2015 23:07:04] /goto sorcerer 01
[19/01/2015 23:07:05] /goto sorcerer 01
[19/01/2015 23:07:06] /goto sorcerer 01
[19/01/2015 23:07:07] /goto sorcerer 01
[19/01/2015 23:07:07] /goto sorcerer 01
[19/01/2015 23:07:09] /goto sorcerer 01
[19/01/2015 23:07:10] /goto sorcerer 01
[19/01/2015 23:11:30] /c sorcerer 01
[19/01/2015 23:13:39] /up 3
[20/01/2015 06:44:19] /a
[20/01/2015 06:44:22] /a
[20/01/2015 06:48:05] /a
[20/01/2015 06:48:19] /c druid 01
[20/01/2015 06:48:20] /c druid 01
[20/01/2015 06:48:22] /c druid 01
[20/01/2015 06:48:23] /c druid 01
[20/01/2015 06:48:29] /c druid 01
[20/01/2015 06:48:30] /c druid 01
[20/01/2015 06:49:24] /c yamahation
[20/01/2015 06:57:26] /kick
[20/01/2015 06:57:27] /kick
[20/01/2015 06:57:30] /kick
[20/01/2015 07:07:18] /i morgaroth heart
[20/01/2015 07:07:28] /i orshabaal brain
